08:43:49.500 [main] INFO  com.example.mmm.MmmApplicationKt - Starting MmmApplicationKt v0.0.1-SNAPSHOT using Java 21.0.2 with PID 5840 (D:\event\java\mmm-package\mmm-0.0.1-SNAPSHOT-6.jar started by ysmdz in D:\event\java\mmm-package)
08:43:49.503 [main] INFO  com.example.mmm.MmmApplicationKt - No active profile set, falling back to 1 default profile: "default"
08:43:51.560 [main] INFO  o.s.b.w.e.tomcat.TomcatWebServer - Tomcat initialized with port 14569 (http)
08:43:51.671 [main] INFO  o.s.b.w.s.c.ServletWebServerApplicationContext - Root WebApplicationContext: initialization completed in 2076 ms
08:43:52.688 [main] INFO  o.s.b.w.e.tomcat.TomcatWebServer - Tomcat started on port 14569 (http) with context path ''
08:43:52.785 [main] INFO  com.example.mmm.MmmApplicationKt - Started MmmApplicationKt in 4.713 seconds (process running for 6.852)
08:43:52.933 [main] ERROR com.example.mmm.MmmApplication - 启动失败,请输入教室名称
08:44:06.072 [main] INFO  com.example.mmm.MmmApplicationKt - Starting MmmApplicationKt v0.0.1-SNAPSHOT using Java 21.0.2 with PID 6128 (D:\event\java\mmm-package\mmm-0.0.1-SNAPSHOT-6.jar started by ysmdz in D:\event\java\mmm-package)
08:44:06.076 [main] INFO  com.example.mmm.MmmApplicationKt - No active profile set, falling back to 1 default profile: "default"
08:44:07.132 [main] INFO  o.s.b.w.e.tomcat.TomcatWebServer - Tomcat initialized with port 14569 (http)
08:44:07.183 [main] INFO  o.s.b.w.s.c.ServletWebServerApplicationContext - Root WebApplicationContext: initialization completed in 1021 ms
08:44:07.545 [main] INFO  o.s.b.w.e.tomcat.TomcatWebServer - Tomcat started on port 14569 (http) with context path ''
08:44:07.558 [main] INFO  com.example.mmm.MmmApplicationKt - Started MmmApplicationKt in 1.991 seconds (process running for 2.468)
08:44:13.866 [main] INFO  c.example.mmm.util.AutoShutDownUtil - 设置自动关机时间:[9:50, 11:50, 15:50, 17:50, 20:50]
08:45:14.009 [http-nio-14569-exec-1] INFO  o.s.web.servlet.DispatcherServlet - Initializing Servlet 'dispatcherServlet'
08:45:14.010 [http-nio-14569-exec-1] INFO  o.s.web.servlet.DispatcherServlet - Completed initialization in 0 ms
08:45:23.796 [http-nio-14569-exec-6] INFO  com.example.mmm.MmmApplication - welcome
08:45:35.339 [http-nio-14569-exec-2] WARN  o.d.windows.perfmon.PerfmonDisabled - Invalid registry value type detected for PerfOS counters. Should be REG_DWORD. Ignoring: HKEY_LOCAL_MACHINE\SYSTEM\CurrentControlSet\Services\PerfOS\Performance\Disable Performance Counters.
09:50:00.086 [Timer-0] INFO  com.example.mmm.util.GuiUtil - Fri Apr 26 09:50:00 CST 2024,执行关机任务
09:50:04.173 [Timer-0] INFO  com.example.mmm.util.GuiUtil - 取消自动关机
10:45:24.031 [http-nio-14569-exec-3] INFO  com.example.mmm.MmmApplication - welcome
10:47:17.947 [http-nio-14569-exec-9] INFO  com.example.mmm.MmmApplication - welcome
10:48:02.348 [http-nio-14569-exec-3] INFO  com.example.mmm.MmmApplication - welcome
10:56:55.306 [http-nio-14569-exec-1] INFO  com.example.mmm.MmmApplication - welcome
11:31:33.287 [main] INFO  com.example.mmm.MmmApplicationKt - Starting MmmApplicationKt v0.0.1-SNAPSHOT using Java 21.0.2 with PID 22988 (D:\event\java\mmm-package\mmm-0.0.1-SNAPSHOT-6.jar started by ysmdz in D:\event\java\mmm-package)
11:31:33.291 [main] INFO  com.example.mmm.MmmApplicationKt - No active profile set, falling back to 1 default profile: "default"
11:31:35.360 [main] INFO  o.s.b.w.e.tomcat.TomcatWebServer - Tomcat initialized with port 14569 (http)
11:31:35.486 [main] INFO  o.s.b.w.s.c.ServletWebServerApplicationContext - Root WebApplicationContext: initialization completed in 2091 ms
11:31:36.516 [main] INFO  o.s.b.w.e.tomcat.TomcatWebServer - Tomcat started on port 14569 (http) with context path ''
11:31:36.603 [main] INFO  com.example.mmm.MmmApplicationKt - Started MmmApplicationKt in 4.471 seconds (process running for 7.428)
11:31:37.163 [main] INFO  c.example.mmm.util.AutoShutDownUtil - 设置自动关机时间:[9:50, 11:50, 15:50, 17:50, 20:50]
11:32:17.901 [http-nio-14569-exec-1] INFO  o.s.web.servlet.DispatcherServlet - Initializing Servlet 'dispatcherServlet'
11:32:17.902 [http-nio-14569-exec-1] INFO  o.s.web.servlet.DispatcherServlet - Completed initialization in 0 ms
18:58:23.186 [main] INFO  com.example.mmm.MmmApplicationKt - Starting MmmApplicationKt v0.0.1-SNAPSHOT using Java 21.0.2 with PID 16416 (D:\event\java\mmm-package\mmm-0.0.1-SNAPSHOT-6.jar started by ysmdz in D:\event\java\mmm-package)
18:58:23.251 [main] INFO  com.example.mmm.MmmApplicationKt - No active profile set, falling back to 1 default profile: "default"
18:58:26.313 [main] INFO  o.s.b.w.e.tomcat.TomcatWebServer - Tomcat initialized with port 14569 (http)
18:58:26.470 [main] INFO  o.s.b.w.s.c.ServletWebServerApplicationContext - Root WebApplicationContext: initialization completed in 3153 ms
18:58:27.775 [main] INFO  o.s.b.w.e.tomcat.TomcatWebServer - Tomcat started on port 14569 (http) with context path ''
18:58:27.910 [main] INFO  com.example.mmm.MmmApplicationKt - Started MmmApplicationKt in 5.26 seconds (process running for 6.444)
18:58:28.662 [main] INFO  c.example.mmm.util.AutoShutDownUtil - 设置自动关机时间:[9:50, 11:50, 15:50, 17:50, 20:50]
