2024-05-26 21:59:09 [restartedMain] INFO  com.example.mmm.MmmApplicationKt - Starting MmmApplicationKt using Java 21.0.3 with PID 17560 (D:\event\java\mmm\target\classes started by 76383 in D:\event\java\mmm)
2024-05-26 21:59:09 [restartedMain] INFO  com.example.mmm.MmmApplicationKt - No active profile set, falling back to 1 default profile: "default"
2024-05-26 21:59:09 [restartedMain] INFO  o.s.b.d.restart.ChangeableUrls - The Class-Path manifest attribute in D:\apache-maven-3.9.5\rep\org\bytedeco\opencv\4.9.0-1.5.10\opencv-4.9.0-1.5.10.jar referenced one or more files that do not exist: file:/D:/apache-maven-3.9.5/rep/org/bytedeco/opencv/4.9.0-1.5.10/javacpp.jar
2024-05-26 21:59:09 [restartedMain] INFO  o.s.b.d.restart.ChangeableUrls - The Class-Path manifest attribute in D:\apache-maven-3.9.5\rep\org\bytedeco\openblas\0.3.26-1.5.10\openblas-0.3.26-1.5.10.jar referenced one or more files that do not exist: file:/D:/apache-maven-3.9.5/rep/org/bytedeco/openblas/0.3.26-1.5.10/javacpp.jar
2024-05-26 21:59:09 [restartedMain] INFO  o.s.b.d.e.DevToolsPropertyDefaultsPostProcessor - Devtools property defaults active! Set 'spring.devtools.add-properties' to 'false' to disable
2024-05-26 21:59:09 [restartedMain] INFO  o.s.b.d.e.DevToolsPropertyDefaultsPostProcessor - For additional web related logging consider setting the 'logging.level.web' property to 'DEBUG'
2024-05-26 21:59:09 [restartedMain] INFO  o.s.b.w.e.tomcat.TomcatWebServer - Tomcat initialized with port 14569 (http)
2024-05-26 21:59:09 [restartedMain] INFO  o.s.b.w.s.c.ServletWebServerApplicationContext - Root WebApplicationContext: initialization completed in 599 ms
2024-05-26 21:59:09 [restartedMain] INFO  o.s.b.d.a.OptionalLiveReloadServer - LiveReload server is running on port 35729
2024-05-26 21:59:09 [restartedMain] INFO  o.s.b.w.e.tomcat.TomcatWebServer - Tomcat started on port 14569 (http) with context path ''
2024-05-26 21:59:09 [restartedMain] INFO  com.example.mmm.MmmApplicationKt - Started MmmApplicationKt in 1.19 seconds (process running for 1.568)
2024-05-26 21:59:10 [restartedMain] INFO  c.example.mmm.util.AutoShutDownUtil - 设置自动关机时间:[9:50, 11:50, 15:50, 17:50, 20:45, 23:00]
2024-05-26 21:59:33 [Thread-4] INFO  c.example.mmm.util.ShutDownHookUtil - 虚拟机退出
2024-05-26 22:13:24 [restartedMain] INFO  com.example.mmm.MmmApplicationKt - Starting MmmApplicationKt using Java 21.0.3 with PID 15640 (D:\event\java\mmm\target\classes started by 76383 in D:\event\java\mmm)
2024-05-26 22:13:24 [restartedMain] INFO  com.example.mmm.MmmApplicationKt - No active profile set, falling back to 1 default profile: "default"
2024-05-26 22:13:24 [restartedMain] INFO  o.s.b.d.restart.ChangeableUrls - The Class-Path manifest attribute in D:\maven\rep\org\bytedeco\opencv\4.9.0-1.5.10\opencv-4.9.0-1.5.10.jar referenced one or more files that do not exist: file:/D:/maven/rep/org/bytedeco/opencv/4.9.0-1.5.10/javacpp.jar
2024-05-26 22:13:24 [restartedMain] INFO  o.s.b.d.restart.ChangeableUrls - The Class-Path manifest attribute in D:\maven\rep\org\bytedeco\openblas\0.3.26-1.5.10\openblas-0.3.26-1.5.10.jar referenced one or more files that do not exist: file:/D:/maven/rep/org/bytedeco/openblas/0.3.26-1.5.10/javacpp.jar
2024-05-26 22:13:24 [restartedMain] INFO  o.s.b.d.e.DevToolsPropertyDefaultsPostProcessor - Devtools property defaults active! Set 'spring.devtools.add-properties' to 'false' to disable
2024-05-26 22:13:24 [restartedMain] INFO  o.s.b.d.e.DevToolsPropertyDefaultsPostProcessor - For additional web related logging consider setting the 'logging.level.web' property to 'DEBUG'
2024-05-26 22:13:24 [restartedMain] INFO  o.s.b.w.e.tomcat.TomcatWebServer - Tomcat initialized with port 14569 (http)
2024-05-26 22:13:24 [restartedMain] INFO  o.s.b.w.s.c.ServletWebServerApplicationContext - Root WebApplicationContext: initialization completed in 550 ms
2024-05-26 22:13:25 [restartedMain] INFO  o.s.b.d.a.OptionalLiveReloadServer - LiveReload server is running on port 35729
2024-05-26 22:13:25 [restartedMain] INFO  o.s.b.w.e.tomcat.TomcatWebServer - Tomcat started on port 14569 (http) with context path ''
2024-05-26 22:13:25 [restartedMain] INFO  com.example.mmm.MmmApplicationKt - Started MmmApplicationKt in 1.265 seconds (process running for 1.757)
2024-05-26 22:13:25 [restartedMain] INFO  c.example.mmm.util.AutoShutDownUtil - 设置自动关机时间:[9:50, 11:50, 15:50, 17:50, 20:45, 23:00]
2024-05-26 22:14:11 [Thread-4] INFO  c.example.mmm.util.ShutDownHookUtil - 虚拟机退出
2024-05-26 22:16:33 [main] INFO  com.example.mmm.MmmApplicationTests - Starting MmmApplicationTests using Java 21.0.3 with PID 4796 (started by 76383 in D:\event\java\mmm)
2024-05-26 22:16:33 [main] INFO  com.example.mmm.MmmApplicationTests - No active profile set, falling back to 1 default profile: "default"
2024-05-26 22:16:34 [main] INFO  com.example.mmm.MmmApplicationTests - Started MmmApplicationTests in 0.858 seconds (process running for 1.493)
2024-05-26 22:16:35 [Thread-3] INFO  c.example.mmm.util.ShutDownHookUtil - 虚拟机退出
2024-05-26 22:22:58 [main] INFO  com.example.mmm.MmmApplicationTests - Starting MmmApplicationTests using Java 21.0.3 with PID 15680 (started by 76383 in D:\event\java\mmm)
2024-05-26 22:22:58 [main] INFO  com.example.mmm.MmmApplicationTests - No active profile set, falling back to 1 default profile: "default"
2024-05-26 22:22:59 [main] INFO  com.example.mmm.MmmApplicationTests - Started MmmApplicationTests in 1.01 seconds (process running for 1.68)
2024-05-26 22:23:00 [Thread-3] INFO  c.example.mmm.util.ShutDownHookUtil - 虚拟机退出
